Missing texture file for GFX_portrait_Philippe_Petain: gfx/leaders/FRA/Portrait_France_Philippe_Petain.dds

Missing file: gfx/interface/ideas/idea_joseph_goebbels.dds
Missing file: gfx/interface/ideas/crowns/sweden_shield.dds
Missing texture file for GFX_portrait_Gunther_von_Kluge: gfx/leaders/GER/Portrait_Germany_Gunther_von_Kluge.dds

Missing file: gfx/interface/ideas/idea_GRE_george_ii_advisor.dds
Missing file: gfx/interface/ideas/idea_sergey_khudyakov.dds
Missing file: gfx/interface/ideas/idea_vasily_blucher.dds
Missing file: gfx/interface/ideas/idea_alexander_yegorov.dds
Missing file: gfx/interface/ideas/idea_Roman_Dmowski.dds
Missing file: gfx/interface/ideas/idea_chakravarti_rajagopalachari.dds
Missing file: gfx/interface/ideas/idea_sir_mohammed_iqbal.dds
Missing file: gfx/interface/ideas/idea_subhas_chanda_bose.dds
Missing file: gfx/leaders/ideas/idea_agha_khan.dds
Missing file: gfx/leaders/CHI/portrait_chi_zhang_xueliang.dds
Missing file: gfx/leaders/MAN/portrait_man_aisin_gioro_xiqia.dds
Missing file: gfx/interface/ideas/idea_prc_deng_xiaoping.dds
Missing file: gfx/interface/ideas/idea_prc_zhou_enlai.dds
Missing file: gfx/interface/ideas/idea_chi_chen_cheng.dds
Missing file: gfx/interface/ideas/idea_chi_chiang_ching_kuo.dds
Missing file: gfx/interface/ideas/idea_victor_emmanuel.dds
Missing file: gfx/leaders/leader_marshall_unknown.dds
Missing file: gfx/leaders/Animalia/portrait_cat_operative_F.dds
Missing file: gfx/leaders/Animalia/portrait_unicorn_leader.dds
